2018-12-05 16:21:56,407 DEBUG [restartedMain] HttpURLConnection: sun.net.www.MessageHeader@6e8112f76 pairs: {GET /config/admin/dev/master HTTP/1.1: null}{Accept: application/json, application/*+json}{Authorization: Basic YWRtaW46YWRtaW4=}{User-Agent: Java/1.8.0_161}{Host: 10.203.109.135:8761}{Connection: keep-alive}
2018-12-05 16:21:56,657 DEBUG [restartedMain] HttpURLConnection: sun.net.www.MessageHeader@5489153111 pairs: {null: HTTP/1.1 200 OK}{Expires: 0}{Cache-Control: no-cache, no-store, max-age=0, must-revalidate}{X-XSS-Protection: 1; mode=block}{Pragma: no-cache}{Date: Wed, 05 Dec 2018 08:21:56 GMT}{Connection: keep-alive}{X-Content-Type-Options: nosniff}{Transfer-Encoding: chunked}{Content-Type: application/json;charset=UTF-8}{X-Application-Context: ipop-registry:swagger,dev,native:8761}
2018-12-05 16:21:56,720 INFO  [restartedMain] AdminApp: The following profiles are active: swagger,no-liquibase,dev
2018-12-05 16:22:05,610 DEBUG [restartedMain] AsyncConfiguration: Creating Async Task Executor
2018-12-05 16:22:05,970 DEBUG [restartedMain] MetricsConfiguration: Registering JVM gauges
2018-12-05 16:22:05,986 DEBUG [restartedMain] MetricsConfiguration: Initializing Metrics JMX reporting
2018-12-05 16:22:06,595 DEBUG [restartedMain] WebConfigurer: Registering CORS filter
2018-12-05 16:22:06,736 INFO  [restartedMain] WebConfigurer: Web application configuration, using profiles: swagger
2018-12-05 16:22:06,736 DEBUG [restartedMain] WebConfigurer: Initializing Metrics registries
2018-12-05 16:22:06,736 DEBUG [restartedMain] WebConfigurer: Registering Metrics Filter
2018-12-05 16:22:06,736 DEBUG [restartedMain] WebConfigurer: Registering Metrics Servlet
2018-12-05 16:22:06,736 INFO  [restartedMain] WebConfigurer: Web application fully configured
2018-12-05 16:22:07,107 DEBUG [restartedMain] AsyncSpringLiquibase: Liquibase is disabled
2018-12-05 16:22:12,407 INFO  [restartedMain] NativeHttpClient: Created instance with connectionTimeout 5,000, readTimeout 30,000, maxRetryTimes 3, SSL Version TLS
2018-12-05 16:22:12,422 INFO  [restartedMain] NativeHttpClient: Created instance with connectionTimeout 5,000, readTimeout 30,000, maxRetryTimes 3, SSL Version TLS
2018-12-05 16:22:12,422 INFO  [restartedMain] NativeHttpClient: Created instance with connectionTimeout 5,000, readTimeout 30,000, maxRetryTimes 3, SSL Version TLS
2018-12-05 16:22:12,422 INFO  [restartedMain] NativeHttpClient: Created instance with connectionTimeout 5,000, readTimeout 30,000, maxRetryTimes 3, SSL Version TLS
2018-12-05 16:22:12,422 DEBUG [restartedMain] JPushClient: jpush配置初始化成功！
2018-12-05 16:22:17,188 DEBUG [restartedMain] Reflections: going to scan these urls:
file:/D:/SGM/IPOP-server/target/classes/
jar:file:/D:/M3/repository/com/sgm/robot/common/common-module/1.0.1/common-module-1.0.1.jar!/
2018-12-05 16:22:17,313 INFO  [restartedMain] Reflections: Reflections took 125 ms to scan 2 urls, producing 227 keys and 1542 values 
2018-12-05 16:22:17,313 DEBUG [restartedMain] Reflections: expanded subtype org.springframework.security.config.annotation.web.WebSecurityConfigurer -> org.springframework.security.config.annotation.web.configuration.WebSecurityConfigurerAdapter
2018-12-05 16:22:17,313 DEBUG [restartedMain] Reflections: expanded subtype org.springframework.security.config.annotation.SecurityConfigurer -> org.springframework.security.config.annotation.web.WebSecurityConfigurer
2018-12-05 16:22:17,313 DEBUG [restartedMain] Reflections: expanded subtype javax.servlet.Filter -> org.springframework.web.filter.GenericFilterBean
2018-12-05 16:22:17,313 DEBUG [restartedMain] Reflections: expanded subtype org.springframework.beans.factory.BeanNameAware -> org.springframework.web.filter.GenericFilterBean
2018-12-05 16:22:17,313 DEBUG [restartedMain] Reflections: expanded subtype org.springframework.beans.factory.Aware -> org.springframework.beans.factory.BeanNameAware
2018-12-05 16:22:17,313 DEBUG [restartedMain] Reflections: expanded subtype org.springframework.context.EnvironmentAware -> org.springframework.web.filter.GenericFilterBean
2018-12-05 16:22:17,313 DEBUG [restartedMain] Reflections: expanded subtype org.springframework.beans.factory.Aware -> org.springframework.context.EnvironmentAware
2018-12-05 16:22:17,313 DEBUG [restartedMain] Reflections: expanded subtype org.springframework.core.env.EnvironmentCapable -> org.springframework.web.filter.GenericFilterBean
2018-12-05 16:22:17,313 DEBUG [restartedMain] Reflections: expanded subtype org.springframework.web.context.ServletContextAware -> org.springframework.web.filter.GenericFilterBean
2018-12-05 16:22:17,313 DEBUG [restartedMain] Reflections: expanded subtype org.springframework.beans.factory.Aware -> org.springframework.web.context.ServletContextAware
2018-12-05 16:22:17,313 DEBUG [restartedMain] Reflections: expanded subtype org.springframework.beans.factory.InitializingBean -> org.springframework.web.filter.GenericFilterBean
2018-12-05 16:22:17,313 DEBUG [restartedMain] Reflections: expanded subtype org.springframework.beans.factory.DisposableBean -> org.springframework.web.filter.GenericFilterBean
2018-12-05 16:22:17,313 DEBUG [restartedMain] Reflections: expanded subtype java.lang.RuntimeException -> org.springframework.security.core.AuthenticationException
2018-12-05 16:22:17,329 DEBUG [restartedMain] Reflections: expanded subtype java.lang.Exception -> java.lang.RuntimeException
2018-12-05 16:22:17,329 DEBUG [restartedMain] Reflections: expanded subtype java.lang.Throwable -> java.lang.Exception
2018-12-05 16:22:17,329 DEBUG [restartedMain] Reflections: expanded subtype java.io.Serializable -> java.lang.Throwable
2018-12-05 16:22:17,329 DEBUG [restartedMain] Reflections: expanded subtype org.zalando.problem.spring.web.advice.general.GeneralAdviceTrait -> org.zalando.problem.spring.web.advice.ProblemHandling
2018-12-05 16:22:17,329 DEBUG [restartedMain] Reflections: expanded subtype org.zalando.problem.spring.web.advice.general.ProblemAdviceTrait -> org.zalando.problem.spring.web.advice.general.GeneralAdviceTrait
2018-12-05 16:22:17,329 DEBUG [restartedMain] Reflections: expanded subtype org.zalando.problem.spring.web.advice.AdviceTrait -> org.zalando.problem.spring.web.advice.general.ProblemAdviceTrait
2018-12-05 16:22:17,329 DEBUG [restartedMain] Reflections: expanded subtype org.zalando.problem.spring.web.advice.general.ThrowableAdviceTrait -> org.zalando.problem.spring.web.advice.general.GeneralAdviceTrait
2018-12-05 16:22:17,329 DEBUG [restartedMain] Reflections: expanded subtype org.zalando.problem.spring.web.advice.AdviceTrait -> org.zalando.problem.spring.web.advice.general.ThrowableAdviceTrait
2018-12-05 16:22:17,329 DEBUG [restartedMain] Reflections: expanded subtype org.zalando.problem.spring.web.advice.general.UnsupportedOperationAdviceTrait -> org.zalando.problem.spring.web.advice.general.GeneralAdviceTrait
2018-12-05 16:22:17,329 DEBUG [restartedMain] Reflections: expanded subtype org.zalando.problem.spring.web.advice.AdviceTrait -> org.zalando.problem.spring.web.advice.general.UnsupportedOperationAdviceTrait
2018-12-05 16:22:17,329 DEBUG [restartedMain] Reflections: expanded subtype org.zalando.problem.spring.web.advice.http.HttpAdviceTrait -> org.zalando.problem.spring.web.advice.ProblemHandling
2018-12-05 16:22:17,329 DEBUG [restartedMain] Reflections: expanded subtype org.zalando.problem.spring.web.advice.http.NotAcceptableAdviceTrait -> org.zalando.problem.spring.web.advice.http.HttpAdviceTrait
2018-12-05 16:22:17,329 DEBUG [restartedMain] Reflections: expanded subtype org.zalando.problem.spring.web.advice.AdviceTrait -> org.zalando.problem.spring.web.advice.http.NotAcceptableAdviceTrait
2018-12-05 16:22:17,329 DEBUG [restartedMain] Reflections: expanded subtype org.zalando.problem.spring.web.advice.http.UnsupportedMediaTypeAdviceTrait -> org.zalando.problem.spring.web.advice.http.HttpAdviceTrait
2018-12-05 16:22:17,345 DEBUG [restartedMain] Reflections: expanded subtype org.zalando.problem.spring.web.advice.AdviceTrait -> org.zalando.problem.spring.web.advice.http.UnsupportedMediaTypeAdviceTrait
2018-12-05 16:22:17,345 DEBUG [restartedMain] Reflections: expanded subtype org.zalando.problem.spring.web.advice.http.MethodNotAllowedAdviceTrait -> org.zalando.problem.spring.web.advice.http.HttpAdviceTrait
2018-12-05 16:22:17,345 DEBUG [restartedMain] Reflections: expanded subtype org.zalando.problem.spring.web.advice.AdviceTrait -> org.zalando.problem.spring.web.advice.http.MethodNotAllowedAdviceTrait
2018-12-05 16:22:17,345 DEBUG [restartedMain] Reflections: expanded subtype org.zalando.problem.spring.web.advice.io.IOAdviceTrait -> org.zalando.problem.spring.web.advice.ProblemHandling
2018-12-05 16:22:17,345 DEBUG [restartedMain] Reflections: expanded subtype org.zalando.problem.spring.web.advice.io.MessageNotReadableAdviceTrait -> org.zalando.problem.spring.web.advice.io.IOAdviceTrait
2018-12-05 16:22:17,345 DEBUG [restartedMain] Reflections: expanded subtype org.zalando.problem.spring.web.advice.AdviceTrait -> org.zalando.problem.spring.web.advice.io.MessageNotReadableAdviceTrait
2018-12-05 16:22:17,345 DEBUG [restartedMain] Reflections: expanded subtype org.zalando.problem.spring.web.advice.io.MultipartAdviceTrait -> org.zalando.problem.spring.web.advice.io.IOAdviceTrait
2018-12-05 16:22:17,345 DEBUG [restartedMain] Reflections: expanded subtype org.zalando.problem.spring.web.advice.AdviceTrait -> org.zalando.problem.spring.web.advice.io.MultipartAdviceTrait
2018-12-05 16:22:17,345 DEBUG [restartedMain] Reflections: expanded subtype org.zalando.problem.spring.web.advice.io.TypeMistmatchAdviceTrait -> org.zalando.problem.spring.web.advice.io.IOAdviceTrait
2018-12-05 16:22:17,345 DEBUG [restartedMain] Reflections: expanded subtype org.zalando.problem.spring.web.advice.AdviceTrait -> org.zalando.problem.spring.web.advice.io.TypeMistmatchAdviceTrait
2018-12-05 16:22:17,345 DEBUG [restartedMain] Reflections: expanded subtype org.zalando.problem.spring.web.advice.routing.RoutingAdviceTrait -> org.zalando.problem.spring.web.advice.ProblemHandling
2018-12-05 16:22:17,345 DEBUG [restartedMain] Reflections: expanded subtype org.zalando.problem.spring.web.advice.routing.MissingServletRequestParameterAdviceTrait -> org.zalando.problem.spring.web.advice.routing.RoutingAdviceTrait
2018-12-05 16:22:17,345 DEBUG [restartedMain] Reflections: expanded subtype org.zalando.problem.spring.web.advice.AdviceTrait -> org.zalando.problem.spring.web.advice.routing.MissingServletRequestParameterAdviceTrait
2018-12-05 16:22:17,360 DEBUG [restartedMain] Reflections: expanded subtype org.zalando.problem.spring.web.advice.routing.MissingServletRequestPartAdviceTrait -> org.zalando.problem.spring.web.advice.routing.RoutingAdviceTrait
2018-12-05 16:22:17,360 DEBUG [restartedMain] Reflections: expanded subtype org.zalando.problem.spring.web.advice.AdviceTrait -> org.zalando.problem.spring.web.advice.routing.MissingServletRequestPartAdviceTrait
2018-12-05 16:22:17,360 DEBUG [restartedMain] Reflections: expanded subtype org.zalando.problem.spring.web.advice.routing.NoHandlerFoundAdviceTrait -> org.zalando.problem.spring.web.advice.routing.RoutingAdviceTrait
2018-12-05 16:22:17,360 DEBUG [restartedMain] Reflections: expanded subtype org.zalando.problem.spring.web.advice.AdviceTrait -> org.zalando.problem.spring.web.advice.routing.NoHandlerFoundAdviceTrait
2018-12-05 16:22:17,360 DEBUG [restartedMain] Reflections: expanded subtype org.zalando.problem.spring.web.advice.routing.ServletRequestBindingAdviceTrait -> org.zalando.problem.spring.web.advice.routing.RoutingAdviceTrait
2018-12-05 16:22:17,360 DEBUG [restartedMain] Reflections: expanded subtype org.zalando.problem.spring.web.advice.AdviceTrait -> org.zalando.problem.spring.web.advice.routing.ServletRequestBindingAdviceTrait
2018-12-05 16:22:17,360 DEBUG [restartedMain] Reflections: expanded subtype org.zalando.problem.spring.web.advice.security.SecurityAdviceTrait -> org.zalando.problem.spring.web.advice.ProblemHandling
2018-12-05 16:22:17,360 DEBUG [restartedMain] Reflections: expanded subtype org.zalando.problem.spring.web.advice.security.AuthenticationAdviceTrait -> org.zalando.problem.spring.web.advice.security.SecurityAdviceTrait
2018-12-05 16:22:17,360 DEBUG [restartedMain] Reflections: expanded subtype org.zalando.problem.spring.web.advice.AdviceTrait -> org.zalando.problem.spring.web.advice.security.AuthenticationAdviceTrait
2018-12-05 16:22:17,360 DEBUG [restartedMain] Reflections: expanded subtype org.zalando.problem.spring.web.advice.security.AccessDeniedAdviceTrait -> org.zalando.problem.spring.web.advice.security.SecurityAdviceTrait
2018-12-05 16:22:17,360 DEBUG [restartedMain] Reflections: expanded subtype org.zalando.problem.spring.web.advice.AdviceTrait -> org.zalando.problem.spring.web.advice.security.AccessDeniedAdviceTrait
2018-12-05 16:22:17,360 DEBUG [restartedMain] Reflections: expanded subtype org.zalando.problem.spring.web.advice.validation.ValidationAdviceTrait -> org.zalando.problem.spring.web.advice.ProblemHandling
2018-12-05 16:22:17,360 DEBUG [restartedMain] Reflections: expanded subtype org.zalando.problem.spring.web.advice.validation.ConstraintViolationAdviceTrait -> org.zalando.problem.spring.web.advice.validation.ValidationAdviceTrait
2018-12-05 16:22:17,376 DEBUG [restartedMain] Reflections: expanded subtype org.zalando.problem.spring.web.advice.validation.BaseValidationAdviceTrait -> org.zalando.problem.spring.web.advice.validation.ConstraintViolationAdviceTrait
2018-12-05 16:22:17,376 DEBUG [restartedMain] Reflections: expanded subtype org.zalando.problem.spring.web.advice.AdviceTrait -> org.zalando.problem.spring.web.advice.validation.BaseValidationAdviceTrait
2018-12-05 16:22:17,376 DEBUG [restartedMain] Reflections: expanded subtype org.zalando.problem.spring.web.advice.validation.BindAdviceTrait -> org.zalando.problem.spring.web.advice.validation.ValidationAdviceTrait
2018-12-05 16:22:17,376 DEBUG [restartedMain] Reflections: expanded subtype org.zalando.problem.spring.web.advice.validation.BaseBindingResultAdviceTrait -> org.zalando.problem.spring.web.advice.validation.BindAdviceTrait
2018-12-05 16:22:17,376 DEBUG [restartedMain] Reflections: expanded subtype org.zalando.problem.spring.web.advice.validation.BaseValidationAdviceTrait -> org.zalando.problem.spring.web.advice.validation.BaseBindingResultAdviceTrait
2018-12-05 16:22:17,376 DEBUG [restartedMain] Reflections: expanded subtype org.zalando.problem.spring.web.advice.validation.MethodArgumentNotValidAdviceTrait -> org.zalando.problem.spring.web.advice.validation.ValidationAdviceTrait
2018-12-05 16:22:17,376 DEBUG [restartedMain] Reflections: expanded subtype org.zalando.problem.spring.web.advice.validation.BaseBindingResultAdviceTrait -> org.zalando.problem.spring.web.advice.validation.MethodArgumentNotValidAdviceTrait
2018-12-05 16:22:17,376 DEBUG [restartedMain] Reflections: expanded subtype org.springframework.cache.annotation.CachingConfigurer -> org.springframework.cache.annotation.CachingConfigurerSupport
2018-12-05 16:22:17,376 DEBUG [restartedMain] Reflections: expanded subtype org.springframework.web.WebApplicationInitializer -> org.springframework.boot.web.support.SpringBootServletInitializer
2018-12-05 16:22:17,376 DEBUG [restartedMain] Reflections: expanded subtype org.springframework.web.servlet.config.annotation.WebMvcConfigurer -> org.springframework.web.servlet.config.annotation.WebMvcConfigurerAdapter
2018-12-05 16:22:17,376 DEBUG [restartedMain] Reflections: expanded subtype org.springframework.data.repository.core.support.TransactionalRepositoryFactoryBeanSupport -> org.springframework.data.jpa.repository.support.JpaRepositoryFactoryBean
2018-12-05 16:22:17,376 DEBUG [restartedMain] Reflections: expanded subtype org.springframework.data.repository.core.support.RepositoryFactoryBeanSupport -> org.springframework.data.repository.core.support.TransactionalRepositoryFactoryBeanSupport
2018-12-05 16:22:17,391 DEBUG [restartedMain] Reflections: expanded subtype org.springframework.beans.factory.InitializingBean -> org.springframework.data.repository.core.support.RepositoryFactoryBeanSupport
2018-12-05 16:22:17,391 DEBUG [restartedMain] Reflections: expanded subtype org.springframework.data.repository.core.support.RepositoryFactoryInformation -> org.springframework.data.repository.core.support.RepositoryFactoryBeanSupport
2018-12-05 16:22:17,391 DEBUG [restartedMain] Reflections: expanded subtype org.springframework.beans.factory.FactoryBean -> org.springframework.data.repository.core.support.RepositoryFactoryBeanSupport
2018-12-05 16:22:17,391 DEBUG [restartedMain] Reflections: expanded subtype org.springframework.beans.factory.BeanClassLoaderAware -> org.springframework.data.repository.core.support.RepositoryFactoryBeanSupport
2018-12-05 16:22:17,391 DEBUG [restartedMain] Reflections: expanded subtype org.springframework.beans.factory.Aware -> org.springframework.beans.factory.BeanClassLoaderAware
2018-12-05 16:22:17,391 DEBUG [restartedMain] Reflections: expanded subtype org.springframework.beans.factory.BeanFactoryAware -> org.springframework.data.repository.core.support.RepositoryFactoryBeanSupport
2018-12-05 16:22:17,391 DEBUG [restartedMain] Reflections: expanded subtype org.springframework.beans.factory.Aware -> org.springframework.beans.factory.BeanFactoryAware
2018-12-05 16:22:17,391 DEBUG [restartedMain] Reflections: expanded subtype org.springframework.context.ApplicationEventPublisherAware -> org.springframework.data.repository.core.support.RepositoryFactoryBeanSupport
2018-12-05 16:22:17,391 DEBUG [restartedMain] Reflections: expanded subtype org.springframework.beans.factory.Aware -> org.springframework.context.ApplicationEventPublisherAware
2018-12-05 16:22:17,391 DEBUG [restartedMain] Reflections: expanded subtype org.springframework.beans.factory.BeanFactoryAware -> org.springframework.data.repository.core.support.TransactionalRepositoryFactoryBeanSupport
2018-12-05 16:22:17,391 DEBUG [restartedMain] Reflections: expanded subtype java.io.Serializable -> org.hibernate.transform.ResultTransformer
2018-12-05 16:22:17,391 DEBUG [restartedMain] Reflections: expanded subtype ch.qos.logback.core.spi.ContextAware -> ch.qos.logback.core.spi.ContextAwareBase
2018-12-05 16:22:17,391 DEBUG [restartedMain] Reflections: expanded subtype java.lang.Comparable -> java.lang.Enum
2018-12-05 16:22:17,391 DEBUG [restartedMain] Reflections: expanded subtype java.io.Serializable -> java.lang.Enum
2018-12-05 16:22:17,407 DEBUG [restartedMain] Reflections: expanded subtype org.springframework.data.jpa.repository.JpaRepository -> org.springframework.data.jpa.repository.support.SimpleJpaRepository
2018-12-05 16:22:17,407 DEBUG [restartedMain] Reflections: expanded subtype org.springframework.data.repository.PagingAndSortingRepository -> org.springframework.data.jpa.repository.JpaRepository
2018-12-05 16:22:17,407 DEBUG [restartedMain] Reflections: expanded subtype org.springframework.data.repository.CrudRepository -> org.springframework.data.repository.PagingAndSortingRepository
2018-12-05 16:22:17,407 DEBUG [restartedMain] Reflections: expanded subtype org.springframework.data.repository.Repository -> org.springframework.data.repository.CrudRepository
2018-12-05 16:22:17,407 DEBUG [restartedMain] Reflections: expanded subtype org.springframework.data.repository.query.QueryByExampleExecutor -> org.springframework.data.jpa.repository.JpaRepository
2018-12-05 16:22:17,407 DEBUG [restartedMain] Reflections: expanded subtype org.springframework.data.jpa.repository.JpaSpecificationExecutor -> org.springframework.data.jpa.repository.support.SimpleJpaRepository
2018-12-05 16:22:17,407 DEBUG [restartedMain] Reflections: expanded subtype com.ryantenney.metrics.spring.config.annotation.MetricsConfigurer -> com.ryantenney.metrics.spring.config.annotation.MetricsConfigurerAdapter
2018-12-05 16:22:17,407 DEBUG [restartedMain] Reflections: expanded subtype org.springframework.beans.factory.DisposableBean -> com.ryantenney.metrics.spring.config.annotation.MetricsConfigurerAdapter
2018-12-05 16:22:17,407 DEBUG [restartedMain] Reflections: expanded subtype org.springframework.security.config.annotation.SecurityConfigurer -> org.springframework.security.config.annotation.SecurityConfigurerAdapter
2018-12-05 16:22:17,407 DEBUG [restartedMain] Reflections: expanded subtype org.zalando.problem.ThrowableProblem -> org.zalando.problem.AbstractThrowableProblem
2018-12-05 16:22:17,407 DEBUG [restartedMain] Reflections: expanded subtype java.lang.RuntimeException -> org.zalando.problem.ThrowableProblem
2018-12-05 16:22:17,407 DEBUG [restartedMain] Reflections: expanded subtype org.zalando.problem.Problem -> org.zalando.problem.ThrowableProblem
2018-12-05 16:22:17,407 DEBUG [restartedMain] Reflections: expanded subtype org.zalando.problem.Exceptional -> org.zalando.problem.ThrowableProblem
2018-12-05 16:22:17,407 DEBUG [restartedMain] Reflections: expanded subtype org.zalando.problem.Problem -> org.zalando.problem.Exceptional
2018-12-05 16:22:17,423 DEBUG [restartedMain] Reflections: expanded subtype org.springframework.beans.factory.BeanFactoryAware -> org.springframework.cloud.config.java.AbstractCloudConfig
2018-12-05 16:22:17,423 DEBUG [restartedMain] Reflections: expanded subtype org.springframework.data.repository.core.support.RepositoryFactorySupport -> org.springframework.data.jpa.repository.support.JpaRepositoryFactory
2018-12-05 16:22:17,423 DEBUG [restartedMain] Reflections: expanded subtype org.springframework.beans.factory.BeanClassLoaderAware -> org.springframework.data.repository.core.support.RepositoryFactorySupport
2018-12-05 16:22:17,423 DEBUG [restartedMain] Reflections: expanded subtype org.springframework.beans.factory.BeanFactoryAware -> org.springframework.data.repository.core.support.RepositoryFactorySupport
2018-12-05 16:22:22,783 WARN  [restartedMain] URLConfigurationSource: No URLs will be polled as dynamic configuration sources.
2018-12-05 16:22:22,798 WARN  [restartedMain] URLConfigurationSource: No URLs will be polled as dynamic configuration sources.
2018-12-05 16:22:23,266 DEBUG [restartedMain] SwaggerConfiguration: Starting Swagger
2018-12-05 16:22:23,266 DEBUG [restartedMain] SwaggerConfiguration: Started Swagger in 0 ms
2018-12-05 16:22:25,092 INFO  [restartedMain] DiscoveryClient: Initializing Eureka in region us-east-1
2018-12-05 16:22:25,173 INFO  [restartedMain] DiscoveryJerseyProvider: Using JSON encoding codec LegacyJacksonJson
2018-12-05 16:22:25,173 INFO  [restartedMain] DiscoveryJerseyProvider: Using JSON decoding codec LegacyJacksonJson
2018-12-05 16:22:25,266 INFO  [restartedMain] DiscoveryJerseyProvider: Using XML encoding codec XStreamXml
2018-12-05 16:22:25,266 INFO  [restartedMain] DiscoveryJerseyProvider: Using XML decoding codec XStreamXml
2018-12-05 16:22:25,485 INFO  [restartedMain] ConfigClusterResolver: Resolving eureka endpoints via configuration
2018-12-05 16:22:25,501 INFO  [restartedMain] DiscoveryClient: Disable delta property : false
2018-12-05 16:22:25,501 INFO  [restartedMain] DiscoveryClient: Single vip registry refresh property : null
2018-12-05 16:22:25,501 INFO  [restartedMain] DiscoveryClient: Force full registry fetch : false
2018-12-05 16:22:25,501 INFO  [restartedMain] DiscoveryClient: Application is null : false
2018-12-05 16:22:25,501 INFO  [restartedMain] DiscoveryClient: Registered Applications size is zero : true
2018-12-05 16:22:25,501 INFO  [restartedMain] DiscoveryClient: Application version is -1: true
2018-12-05 16:22:25,501 INFO  [restartedMain] DiscoveryClient: Getting all instance registry info from the eureka server
2018-12-05 16:22:25,845 INFO  [restartedMain] DiscoveryClient: The response status is 200
2018-12-05 16:22:25,845 INFO  [restartedMain] DiscoveryClient: Starting heartbeat executor: renew interval is: 5
2018-12-05 16:22:25,845 INFO  [restartedMain] InstanceInfoReplicator: InstanceInfoReplicator onDemand update allowed rate per min is 12
2018-12-05 16:22:25,845 INFO  [restartedMain] DiscoveryClient: Discovery Client initialized at timestamp 1543998145845 with initial instances count: 5
2018-12-05 16:22:25,876 INFO  [restartedMain] DiscoveryClient: Saw local status change event StatusChangeEvent [timestamp=1543998145876, current=UP, previous=STARTING]
2018-12-05 16:22:26,657 DEBUG [DiscoveryClient-InstanceInfoReplicator-0] HttpURLConnection: sun.net.www.MessageHeader@12f6086c6 pairs: {GET /config/admin/dev/master HTTP/1.1: null}{Accept: application/json, application/*+json}{Authorization: Basic YWRtaW46YWRtaW4=}{User-Agent: Java/1.8.0_161}{Host: 10.203.109.135:8761}{Connection: keep-alive}
2018-12-05 16:22:26,952 DEBUG [DiscoveryClient-InstanceInfoReplicator-0] HttpURLConnection: sun.net.www.MessageHeader@49baebae11 pairs: {null: HTTP/1.1 200 OK}{Expires: 0}{Cache-Control: no-cache, no-store, max-age=0, must-revalidate}{X-XSS-Protection: 1; mode=block}{Pragma: no-cache}{Date: Wed, 05 Dec 2018 08:22:26 GMT}{Connection: keep-alive}{X-Content-Type-Options: nosniff}{Transfer-Encoding: chunked}{Content-Type: application/json;charset=UTF-8}{X-Application-Context: ipop-registry:swagger,dev,native:8761}
2018-12-05 16:22:26,952 INFO  [DiscoveryClient-InstanceInfoReplicator-0] DiscoveryClient: DiscoveryClient_IPOP/ipop:712b704b6c2c8d5e703f287fd0e92cf4: registering service...
2018-12-05 16:22:27,092 INFO  [DiscoveryClient-InstanceInfoReplicator-0] DiscoveryClient: DiscoveryClient_IPOP/ipop:712b704b6c2c8d5e703f287fd0e92cf4 - registration status: 204
2018-12-05 16:22:29,767 INFO  [restartedMain] AdminApp: Started AdminApp in 35.618 seconds (JVM running for 36.663)
2018-12-05 16:22:29,767 INFO  [restartedMain] AdminApp: 
----------------------------------------------------------
	Application 'ipop' is running! Access URLs:
	Local: 		http://localhost:8081
	External: 	http://10.21.12.44:8081
	Profile(s): 	[swagger, no-liquibase, dev]
----------------------------------------------------------
2018-12-05 16:27:25,527 INFO  [AsyncResolver-bootstrap-executor-0] ConfigClusterResolver: Resolving eureka endpoints via configuration
2018-12-05 16:27:29,183 DEBUG [DiscoveryClient-InstanceInfoReplicator-0] HttpURLConnection: sun.net.www.MessageHeader@372a86c16 pairs: {GET /config/admin/dev/master HTTP/1.1: null}{Accept: application/json, application/*+json}{Authorization: Basic YWRtaW46YWRtaW4=}{User-Agent: Java/1.8.0_161}{Host: 10.203.109.135:8761}{Connection: keep-alive}
2018-12-05 16:27:29,496 DEBUG [DiscoveryClient-InstanceInfoReplicator-0] HttpURLConnection: sun.net.www.MessageHeader@2c80a1c111 pairs: {null: HTTP/1.1 200 OK}{Expires: 0}{Cache-Control: no-cache, no-store, max-age=0, must-revalidate}{X-XSS-Protection: 1; mode=block}{Pragma: no-cache}{Date: Wed, 05 Dec 2018 08:27:29 GMT}{Connection: keep-alive}{X-Content-Type-Options: nosniff}{Transfer-Encoding: chunked}{Content-Type: application/json;charset=UTF-8}{X-Application-Context: ipop-registry:swagger,dev,native:8761}
2018-12-05 16:32:25,544 INFO  [AsyncResolver-bootstrap-executor-0] ConfigClusterResolver: Resolving eureka endpoints via configuration
2018-12-05 16:32:31,419 DEBUG [DiscoveryClient-InstanceInfoReplicator-0] HttpURLConnection: sun.net.www.MessageHeader@60a1202a6 pairs: {GET /config/admin/dev/master HTTP/1.1: null}{Accept: application/json, application/*+json}{Authorization: Basic YWRtaW46YWRtaW4=}{User-Agent: Java/1.8.0_161}{Host: 10.203.109.135:8761}{Connection: keep-alive}
2018-12-05 16:32:31,701 DEBUG [DiscoveryClient-InstanceInfoReplicator-0] HttpURLConnection: sun.net.www.MessageHeader@7a72226011 pairs: {null: HTTP/1.1 200 OK}{Expires: 0}{Cache-Control: no-cache, no-store, max-age=0, must-revalidate}{X-XSS-Protection: 1; mode=block}{Pragma: no-cache}{Date: Wed, 05 Dec 2018 08:32:31 GMT}{Connection: keep-alive}{X-Content-Type-Options: nosniff}{Transfer-Encoding: chunked}{Content-Type: application/json;charset=UTF-8}{X-Application-Context: ipop-registry:swagger,dev,native:8761}
2018-12-05 16:37:25,560 INFO  [AsyncResolver-bootstrap-executor-0] ConfigClusterResolver: Resolving eureka endpoints via configuration
2018-12-05 16:37:38,184 DEBUG [DiscoveryClient-InstanceInfoReplicator-0] HttpURLConnection: sun.net.www.MessageHeader@190dbf616 pairs: {GET /config/admin/dev/master HTTP/1.1: null}{Accept: application/json, application/*+json}{Authorization: Basic YWRtaW46YWRtaW4=}{User-Agent: Java/1.8.0_161}{Host: 10.203.109.135:8761}{Connection: keep-alive}
2018-12-05 16:37:38,372 DEBUG [DiscoveryClient-InstanceInfoReplicator-0] HttpURLConnection: sun.net.www.MessageHeader@302a9b2811 pairs: {null: HTTP/1.1 200 OK}{Expires: 0}{Cache-Control: no-cache, no-store, max-age=0, must-revalidate}{X-XSS-Protection: 1; mode=block}{Pragma: no-cache}{Date: Wed, 05 Dec 2018 08:37:38 GMT}{Connection: keep-alive}{X-Content-Type-Options: nosniff}{Transfer-Encoding: chunked}{Content-Type: application/json;charset=UTF-8}{X-Application-Context: ipop-registry:swagger,dev,native:8761}
2018-12-05 16:42:25,576 INFO  [AsyncResolver-bootstrap-executor-0] ConfigClusterResolver: Resolving eureka endpoints via configuration
2018-12-05 16:42:43,248 DEBUG [DiscoveryClient-InstanceInfoReplicator-0] HttpURLConnection: sun.net.www.MessageHeader@59635d776 pairs: {GET /config/admin/dev/master HTTP/1.1: null}{Accept: application/json, application/*+json}{Authorization: Basic YWRtaW46YWRtaW4=}{User-Agent: Java/1.8.0_161}{Host: 10.203.109.135:8761}{Connection: keep-alive}
2018-12-05 16:42:43,436 DEBUG [DiscoveryClient-InstanceInfoReplicator-0] HttpURLConnection: sun.net.www.MessageHeader@32e9151911 pairs: {null: HTTP/1.1 200 OK}{Expires: 0}{Cache-Control: no-cache, no-store, max-age=0, must-revalidate}{X-XSS-Protection: 1; mode=block}{Pragma: no-cache}{Date: Wed, 05 Dec 2018 08:42:43 GMT}{Connection: keep-alive}{X-Content-Type-Options: nosniff}{Transfer-Encoding: chunked}{Content-Type: application/json;charset=UTF-8}{X-Application-Context: ipop-registry:swagger,dev,native:8761}
2018-12-05 16:47:25,592 INFO  [AsyncResolver-bootstrap-executor-0] ConfigClusterResolver: Resolving eureka endpoints via configuration
2018-12-05 16:47:47,825 DEBUG [DiscoveryClient-InstanceInfoReplicator-0] HttpURLConnection: sun.net.www.MessageHeader@466b42926 pairs: {GET /config/admin/dev/master HTTP/1.1: null}{Accept: application/json, application/*+json}{Authorization: Basic YWRtaW46YWRtaW4=}{User-Agent: Java/1.8.0_161}{Host: 10.203.109.135:8761}{Connection: keep-alive}
2018-12-05 16:47:48,012 DEBUG [DiscoveryClient-InstanceInfoReplicator-0] HttpURLConnection: sun.net.www.MessageHeader@227c72ac11 pairs: {null: HTTP/1.1 200 OK}{Expires: 0}{Cache-Control: no-cache, no-store, max-age=0, must-revalidate}{X-XSS-Protection: 1; mode=block}{Pragma: no-cache}{Date: Wed, 05 Dec 2018 08:47:47 GMT}{Connection: keep-alive}{X-Content-Type-Options: nosniff}{Transfer-Encoding: chunked}{Content-Type: application/json;charset=UTF-8}{X-Application-Context: ipop-registry:swagger,dev,native:8761}
2018-12-05 16:52:25,607 INFO  [AsyncResolver-bootstrap-executor-0] ConfigClusterResolver: Resolving eureka endpoints via configuration
2018-12-05 16:52:52,357 DEBUG [DiscoveryClient-InstanceInfoReplicator-0] HttpURLConnection: sun.net.www.MessageHeader@75664c496 pairs: {GET /config/admin/dev/master HTTP/1.1: null}{Accept: application/json, application/*+json}{Authorization: Basic YWRtaW46YWRtaW4=}{User-Agent: Java/1.8.0_161}{Host: 10.203.109.135:8761}{Connection: keep-alive}
2018-12-05 16:52:52,560 DEBUG [DiscoveryClient-InstanceInfoReplicator-0] HttpURLConnection: sun.net.www.MessageHeader@5c5cb64011 pairs: {null: HTTP/1.1 200 OK}{Expires: 0}{Cache-Control: no-cache, no-store, max-age=0, must-revalidate}{X-XSS-Protection: 1; mode=block}{Pragma: no-cache}{Date: Wed, 05 Dec 2018 08:52:52 GMT}{Connection: keep-alive}{X-Content-Type-Options: nosniff}{Transfer-Encoding: chunked}{Content-Type: application/json;charset=UTF-8}{X-Application-Context: ipop-registry:swagger,dev,native:8761}
2018-12-05 16:57:25,619 INFO  [AsyncResolver-bootstrap-executor-0] ConfigClusterResolver: Resolving eureka endpoints via configuration
2018-12-05 16:57:56,995 DEBUG [DiscoveryClient-InstanceInfoReplicator-0] HttpURLConnection: sun.net.www.MessageHeader@6dc3cda86 pairs: {GET /config/admin/dev/master HTTP/1.1: null}{Accept: application/json, application/*+json}{Authorization: Basic YWRtaW46YWRtaW4=}{User-Agent: Java/1.8.0_161}{Host: 10.203.109.135:8761}{Connection: keep-alive}
2018-12-05 16:57:57,167 DEBUG [DiscoveryClient-InstanceInfoReplicator-0] HttpURLConnection: sun.net.www.MessageHeader@9551ce411 pairs: {null: HTTP/1.1 200 OK}{Expires: 0}{Cache-Control: no-cache, no-store, max-age=0, must-revalidate}{X-XSS-Protection: 1; mode=block}{Pragma: no-cache}{Date: Wed, 05 Dec 2018 08:57:57 GMT}{Connection: keep-alive}{X-Content-Type-Options: nosniff}{Transfer-Encoding: chunked}{Content-Type: application/json;charset=UTF-8}{X-Application-Context: ipop-registry:swagger,dev,native:8761}
2018-12-05 17:02:25,632 INFO  [AsyncResolver-bootstrap-executor-0] ConfigClusterResolver: Resolving eureka endpoints via configuration
2018-12-05 17:03:01,775 DEBUG [DiscoveryClient-InstanceInfoReplicator-0] HttpURLConnection: sun.net.www.MessageHeader@4e160d836 pairs: {GET /config/admin/dev/master HTTP/1.1: null}{Accept: application/json, application/*+json}{Authorization: Basic YWRtaW46YWRtaW4=}{User-Agent: Java/1.8.0_161}{Host: 10.203.109.135:8761}{Connection: keep-alive}
2018-12-05 17:03:01,947 DEBUG [DiscoveryClient-InstanceInfoReplicator-0] HttpURLConnection: sun.net.www.MessageHeader@77414cb711 pairs: {null: HTTP/1.1 200 OK}{Expires: 0}{Cache-Control: no-cache, no-store, max-age=0, must-revalidate}{X-XSS-Protection: 1; mode=block}{Pragma: no-cache}{Date: Wed, 05 Dec 2018 09:03:01 GMT}{Connection: keep-alive}{X-Content-Type-Options: nosniff}{Transfer-Encoding: chunked}{Content-Type: application/json;charset=UTF-8}{X-Application-Context: ipop-registry:swagger,dev,native:8761}
2018-12-05 17:07:25,636 INFO  [AsyncResolver-bootstrap-executor-0] ConfigClusterResolver: Resolving eureka endpoints via configuration
2018-12-05 17:08:08,088 DEBUG [DiscoveryClient-InstanceInfoReplicator-0] HttpURLConnection: sun.net.www.MessageHeader@49c617a6 pairs: {GET /config/admin/dev/master HTTP/1.1: null}{Accept: application/json, application/*+json}{Authorization: Basic YWRtaW46YWRtaW4=}{User-Agent: Java/1.8.0_161}{Host: 10.203.109.135:8761}{Connection: keep-alive}
2018-12-05 17:08:08,275 DEBUG [DiscoveryClient-InstanceInfoReplicator-0] HttpURLConnection: sun.net.www.MessageHeader@250fef3111 pairs: {null: HTTP/1.1 200 OK}{Expires: 0}{Cache-Control: no-cache, no-store, max-age=0, must-revalidate}{X-XSS-Protection: 1; mode=block}{Pragma: no-cache}{Date: Wed, 05 Dec 2018 09:08:08 GMT}{Connection: keep-alive}{X-Content-Type-Options: nosniff}{Transfer-Encoding: chunked}{Content-Type: application/json;charset=UTF-8}{X-Application-Context: ipop-registry:swagger,dev,native:8761}
2018-12-05 17:12:25,652 INFO  [AsyncResolver-bootstrap-executor-0] ConfigClusterResolver: Resolving eureka endpoints via configuration
2018-12-05 17:13:12,574 DEBUG [DiscoveryClient-InstanceInfoReplicator-0] HttpURLConnection: sun.net.www.MessageHeader@5b0b84066 pairs: {GET /config/admin/dev/master HTTP/1.1: null}{Accept: application/json, application/*+json}{Authorization: Basic YWRtaW46YWRtaW4=}{User-Agent: Java/1.8.0_161}{Host: 10.203.109.135:8761}{Connection: keep-alive}
2018-12-05 17:13:12,746 DEBUG [DiscoveryClient-InstanceInfoReplicator-0] HttpURLConnection: sun.net.www.MessageHeader@26525f2411 pairs: {null: HTTP/1.1 200 OK}{Expires: 0}{Cache-Control: no-cache, no-store, max-age=0, must-revalidate}{X-XSS-Protection: 1; mode=block}{Pragma: no-cache}{Date: Wed, 05 Dec 2018 09:13:12 GMT}{Connection: keep-alive}{X-Content-Type-Options: nosniff}{Transfer-Encoding: chunked}{Content-Type: application/json;charset=UTF-8}{X-Application-Context: ipop-registry:swagger,dev,native:8761}
2018-12-05 17:17:25,656 INFO  [AsyncResolver-bootstrap-executor-0] ConfigClusterResolver: Resolving eureka endpoints via configuration
2018-12-05 17:18:17,061 DEBUG [DiscoveryClient-InstanceInfoReplicator-0] HttpURLConnection: sun.net.www.MessageHeader@41227d256 pairs: {GET /config/admin/dev/master HTTP/1.1: null}{Accept: application/json, application/*+json}{Authorization: Basic YWRtaW46YWRtaW4=}{User-Agent: Java/1.8.0_161}{Host: 10.203.109.135:8761}{Connection: keep-alive}
2018-12-05 17:18:17,223 DEBUG [DiscoveryClient-InstanceInfoReplicator-0] HttpURLConnection: sun.net.www.MessageHeader@1b0e745711 pairs: {null: HTTP/1.1 200 OK}{Expires: 0}{Cache-Control: no-cache, no-store, max-age=0, must-revalidate}{X-XSS-Protection: 1; mode=block}{Pragma: no-cache}{Date: Wed, 05 Dec 2018 09:18:17 GMT}{Connection: keep-alive}{X-Content-Type-Options: nosniff}{Transfer-Encoding: chunked}{Content-Type: application/json;charset=UTF-8}{X-Application-Context: ipop-registry:swagger,dev,native:8761}
2018-12-05 17:22:25,662 INFO  [AsyncResolver-bootstrap-executor-0] ConfigClusterResolver: Resolving eureka endpoints via configuration
2018-12-05 17:23:21,502 DEBUG [DiscoveryClient-InstanceInfoReplicator-0] HttpURLConnection: sun.net.www.MessageHeader@1c22f8846 pairs: {GET /config/admin/dev/master HTTP/1.1: null}{Accept: application/json, application/*+json}{Authorization: Basic YWRtaW46YWRtaW4=}{User-Agent: Java/1.8.0_161}{Host: 10.203.109.135:8761}{Connection: keep-alive}
2018-12-05 17:23:21,690 DEBUG [DiscoveryClient-InstanceInfoReplicator-0] HttpURLConnection: sun.net.www.MessageHeader@283d3f5b11 pairs: {null: HTTP/1.1 200 OK}{Expires: 0}{Cache-Control: no-cache, no-store, max-age=0, must-revalidate}{X-XSS-Protection: 1; mode=block}{Pragma: no-cache}{Date: Wed, 05 Dec 2018 09:23:21 GMT}{Connection: keep-alive}{X-Content-Type-Options: nosniff}{Transfer-Encoding: chunked}{Content-Type: application/json;charset=UTF-8}{X-Application-Context: ipop-registry:swagger,dev,native:8761}
2018-12-05 17:27:25,671 INFO  [AsyncResolver-bootstrap-executor-0] ConfigClusterResolver: Resolving eureka endpoints via configuration
2018-12-05 17:28:26,548 DEBUG [DiscoveryClient-InstanceInfoReplicator-0] HttpURLConnection: sun.net.www.MessageHeader@7a24a42c6 pairs: {GET /config/admin/dev/master HTTP/1.1: null}{Accept: application/json, application/*+json}{Authorization: Basic YWRtaW46YWRtaW4=}{User-Agent: Java/1.8.0_161}{Host: 10.203.109.135:8761}{Connection: keep-alive}
2018-12-05 17:28:26,736 DEBUG [DiscoveryClient-InstanceInfoReplicator-0] HttpURLConnection: sun.net.www.MessageHeader@1260dbf311 pairs: {null: HTTP/1.1 200 OK}{Expires: 0}{Cache-Control: no-cache, no-store, max-age=0, must-revalidate}{X-XSS-Protection: 1; mode=block}{Pragma: no-cache}{Date: Wed, 05 Dec 2018 09:28:26 GMT}{Connection: keep-alive}{X-Content-Type-Options: nosniff}{Transfer-Encoding: chunked}{Content-Type: application/json;charset=UTF-8}{X-Application-Context: ipop-registry:swagger,dev,native:8761}
2018-12-05 17:32:25,681 INFO  [AsyncResolver-bootstrap-executor-0] ConfigClusterResolver: Resolving eureka endpoints via configuration
2018-12-05 17:33:31,193 DEBUG [DiscoveryClient-InstanceInfoReplicator-0] HttpURLConnection: sun.net.www.MessageHeader@4ee754f96 pairs: {GET /config/admin/dev/master HTTP/1.1: null}{Accept: application/json, application/*+json}{Authorization: Basic YWRtaW46YWRtaW4=}{User-Agent: Java/1.8.0_161}{Host: 10.203.109.135:8761}{Connection: keep-alive}
2018-12-05 17:33:31,427 DEBUG [DiscoveryClient-InstanceInfoReplicator-0] HttpURLConnection: sun.net.www.MessageHeader@57e0774511 pairs: {null: HTTP/1.1 200 OK}{Expires: 0}{Cache-Control: no-cache, no-store, max-age=0, must-revalidate}{X-XSS-Protection: 1; mode=block}{Pragma: no-cache}{Date: Wed, 05 Dec 2018 09:33:31 GMT}{Connection: keep-alive}{X-Content-Type-Options: nosniff}{Transfer-Encoding: chunked}{Content-Type: application/json;charset=UTF-8}{X-Application-Context: ipop-registry:swagger,dev,native:8761}
2018-12-05 17:37:25,692 INFO  [AsyncResolver-bootstrap-executor-0] ConfigClusterResolver: Resolving eureka endpoints via configuration
2018-12-05 17:38:35,739 DEBUG [DiscoveryClient-InstanceInfoReplicator-0] HttpURLConnection: sun.net.www.MessageHeader@a163f9c6 pairs: {GET /config/admin/dev/master HTTP/1.1: null}{Accept: application/json, application/*+json}{Authorization: Basic YWRtaW46YWRtaW4=}{User-Agent: Java/1.8.0_161}{Host: 10.203.109.135:8761}{Connection: keep-alive}
2018-12-05 17:38:35,911 DEBUG [DiscoveryClient-InstanceInfoReplicator-0] HttpURLConnection: sun.net.www.MessageHeader@7e22f2bb11 pairs: {null: HTTP/1.1 200 OK}{Expires: 0}{Cache-Control: no-cache, no-store, max-age=0, must-revalidate}{X-XSS-Protection: 1; mode=block}{Pragma: no-cache}{Date: Wed, 05 Dec 2018 09:38:35 GMT}{Connection: keep-alive}{X-Content-Type-Options: nosniff}{Transfer-Encoding: chunked}{Content-Type: application/json;charset=UTF-8}{X-Application-Context: ipop-registry:swagger,dev,native:8761}
2018-12-05 17:42:25,693 INFO  [AsyncResolver-bootstrap-executor-0] ConfigClusterResolver: Resolving eureka endpoints via configuration
2018-12-05 17:43:40,152 DEBUG [DiscoveryClient-InstanceInfoReplicator-0] HttpURLConnection: sun.net.www.MessageHeader@2aace8656 pairs: {GET /config/admin/dev/master HTTP/1.1: null}{Accept: application/json, application/*+json}{Authorization: Basic YWRtaW46YWRtaW4=}{User-Agent: Java/1.8.0_161}{Host: 10.203.109.135:8761}{Connection: keep-alive}
2018-12-05 17:43:40,339 DEBUG [DiscoveryClient-InstanceInfoReplicator-0] HttpURLConnection: sun.net.www.MessageHeader@d416d1e11 pairs: {null: HTTP/1.1 200 OK}{Expires: 0}{Cache-Control: no-cache, no-store, max-age=0, must-revalidate}{X-XSS-Protection: 1; mode=block}{Pragma: no-cache}{Date: Wed, 05 Dec 2018 09:43:40 GMT}{Connection: keep-alive}{X-Content-Type-Options: nosniff}{Transfer-Encoding: chunked}{Content-Type: application/json;charset=UTF-8}{X-Application-Context: ipop-registry:swagger,dev,native:8761}
2018-12-05 17:47:25,706 INFO  [AsyncResolver-bootstrap-executor-0] ConfigClusterResolver: Resolving eureka endpoints via configuration
2018-12-05 17:48:44,618 DEBUG [DiscoveryClient-InstanceInfoReplicator-0] HttpURLConnection: sun.net.www.MessageHeader@369059f56 pairs: {GET /config/admin/dev/master HTTP/1.1: null}{Accept: application/json, application/*+json}{Authorization: Basic YWRtaW46YWRtaW4=}{User-Agent: Java/1.8.0_161}{Host: 10.203.109.135:8761}{Connection: keep-alive}
2018-12-05 17:48:44,805 DEBUG [DiscoveryClient-InstanceInfoReplicator-0] HttpURLConnection: sun.net.www.MessageHeader@5fcec2b611 pairs: {null: HTTP/1.1 200 OK}{Expires: 0}{Cache-Control: no-cache, no-store, max-age=0, must-revalidate}{X-XSS-Protection: 1; mode=block}{Pragma: no-cache}{Date: Wed, 05 Dec 2018 09:48:44 GMT}{Connection: keep-alive}{X-Content-Type-Options: nosniff}{Transfer-Encoding: chunked}{Content-Type: application/json;charset=UTF-8}{X-Application-Context: ipop-registry:swagger,dev,native:8761}
2018-12-05 17:52:25,708 INFO  [AsyncResolver-bootstrap-executor-0] ConfigClusterResolver: Resolving eureka endpoints via configuration
2018-12-05 17:53:49,431 DEBUG [DiscoveryClient-InstanceInfoReplicator-0] HttpURLConnection: sun.net.www.MessageHeader@126cf6ea6 pairs: {GET /config/admin/dev/master HTTP/1.1: null}{Accept: application/json, application/*+json}{Authorization: Basic YWRtaW46YWRtaW4=}{User-Agent: Java/1.8.0_161}{Host: 10.203.109.135:8761}{Connection: keep-alive}
2018-12-05 17:53:49,612 DEBUG [DiscoveryClient-InstanceInfoReplicator-0] HttpURLConnection: sun.net.www.MessageHeader@1443502411 pairs: {null: HTTP/1.1 200 OK}{Expires: 0}{Cache-Control: no-cache, no-store, max-age=0, must-revalidate}{X-XSS-Protection: 1; mode=block}{Pragma: no-cache}{Date: Wed, 05 Dec 2018 09:53:49 GMT}{Connection: keep-alive}{X-Content-Type-Options: nosniff}{Transfer-Encoding: chunked}{Content-Type: application/json;charset=UTF-8}{X-Application-Context: ipop-registry:swagger,dev,native:8761}
2018-12-05 17:57:25,713 INFO  [AsyncResolver-bootstrap-executor-0] ConfigClusterResolver: Resolving eureka endpoints via configuration
2018-12-05 17:58:54,806 DEBUG [DiscoveryClient-InstanceInfoReplicator-0] HttpURLConnection: sun.net.www.MessageHeader@20a8eca86 pairs: {GET /config/admin/dev/master HTTP/1.1: null}{Accept: application/json, application/*+json}{Authorization: Basic YWRtaW46YWRtaW4=}{User-Agent: Java/1.8.0_161}{Host: 10.203.109.135:8761}{Connection: keep-alive}
2018-12-05 17:58:54,990 DEBUG [DiscoveryClient-InstanceInfoReplicator-0] HttpURLConnection: sun.net.www.MessageHeader@9da417911 pairs: {null: HTTP/1.1 200 OK}{Expires: 0}{Cache-Control: no-cache, no-store, max-age=0, must-revalidate}{X-XSS-Protection: 1; mode=block}{Pragma: no-cache}{Date: Wed, 05 Dec 2018 09:58:54 GMT}{Connection: keep-alive}{X-Content-Type-Options: nosniff}{Transfer-Encoding: chunked}{Content-Type: application/json;charset=UTF-8}{X-Application-Context: ipop-registry:swagger,dev,native:8761}
2018-12-05 18:02:25,729 INFO  [AsyncResolver-bootstrap-executor-0] ConfigClusterResolver: Resolving eureka endpoints via configuration
2018-12-05 18:04:00,072 DEBUG [DiscoveryClient-InstanceInfoReplicator-0] HttpURLConnection: sun.net.www.MessageHeader@7cf42d0e6 pairs: {GET /config/admin/dev/master HTTP/1.1: null}{Accept: application/json, application/*+json}{Authorization: Basic YWRtaW46YWRtaW4=}{User-Agent: Java/1.8.0_161}{Host: 10.203.109.135:8761}{Connection: keep-alive}
2018-12-05 18:04:00,259 DEBUG [DiscoveryClient-InstanceInfoReplicator-0] HttpURLConnection: sun.net.www.MessageHeader@72b890c411 pairs: {null: HTTP/1.1 200 OK}{Expires: 0}{Cache-Control: no-cache, no-store, max-age=0, must-revalidate}{X-XSS-Protection: 1; mode=block}{Pragma: no-cache}{Date: Wed, 05 Dec 2018 10:04:00 GMT}{Connection: keep-alive}{X-Content-Type-Options: nosniff}{Transfer-Encoding: chunked}{Content-Type: application/json;charset=UTF-8}{X-Application-Context: ipop-registry:swagger,dev,native:8761}
2018-12-05 18:07:25,744 INFO  [AsyncResolver-bootstrap-executor-0] ConfigClusterResolver: Resolving eureka endpoints via configuration
2018-12-05 18:09:04,666 DEBUG [DiscoveryClient-InstanceInfoReplicator-0] HttpURLConnection: sun.net.www.MessageHeader@1512ef976 pairs: {GET /config/admin/dev/master HTTP/1.1: null}{Accept: application/json, application/*+json}{Authorization: Basic YWRtaW46YWRtaW4=}{User-Agent: Java/1.8.0_161}{Host: 10.203.109.135:8761}{Connection: keep-alive}
2018-12-05 18:09:04,853 DEBUG [DiscoveryClient-InstanceInfoReplicator-0] HttpURLConnection: sun.net.www.MessageHeader@4e98a5c511 pairs: {null: HTTP/1.1 200 OK}{Expires: 0}{Cache-Control: no-cache, no-store, max-age=0, must-revalidate}{X-XSS-Protection: 1; mode=block}{Pragma: no-cache}{Date: Wed, 05 Dec 2018 10:09:04 GMT}{Connection: keep-alive}{X-Content-Type-Options: nosniff}{Transfer-Encoding: chunked}{Content-Type: application/json;charset=UTF-8}{X-Application-Context: ipop-registry:swagger,dev,native:8761}
2018-12-05 18:12:25,757 INFO  [AsyncResolver-bootstrap-executor-0] ConfigClusterResolver: Resolving eureka endpoints via configuration
2018-12-05 18:14:09,150 DEBUG [DiscoveryClient-InstanceInfoReplicator-0] HttpURLConnection: sun.net.www.MessageHeader@13d97d456 pairs: {GET /config/admin/dev/master HTTP/1.1: null}{Accept: application/json, application/*+json}{Authorization: Basic YWRtaW46YWRtaW4=}{User-Agent: Java/1.8.0_161}{Host: 10.203.109.135:8761}{Connection: keep-alive}
2018-12-05 18:14:09,322 DEBUG [DiscoveryClient-InstanceInfoReplicator-0] HttpURLConnection: sun.net.www.MessageHeader@25d1f14a11 pairs: {null: HTTP/1.1 200 OK}{Expires: 0}{Cache-Control: no-cache, no-store, max-age=0, must-revalidate}{X-XSS-Protection: 1; mode=block}{Pragma: no-cache}{Date: Wed, 05 Dec 2018 10:14:09 GMT}{Connection: keep-alive}{X-Content-Type-Options: nosniff}{Transfer-Encoding: chunked}{Content-Type: application/json;charset=UTF-8}{X-Application-Context: ipop-registry:swagger,dev,native:8761}
2018-12-05 18:17:25,759 INFO  [AsyncResolver-bootstrap-executor-0] ConfigClusterResolver: Resolving eureka endpoints via configuration
2018-12-05 18:19:13,697 DEBUG [DiscoveryClient-InstanceInfoReplicator-0] HttpURLConnection: sun.net.www.MessageHeader@27bdcc306 pairs: {GET /config/admin/dev/master HTTP/1.1: null}{Accept: application/json, application/*+json}{Authorization: Basic YWRtaW46YWRtaW4=}{User-Agent: Java/1.8.0_161}{Host: 10.203.109.135:8761}{Connection: keep-alive}
2018-12-05 18:19:13,885 DEBUG [DiscoveryClient-InstanceInfoReplicator-0] HttpURLConnection: sun.net.www.MessageHeader@2c00f38f11 pairs: {null: HTTP/1.1 200 OK}{Expires: 0}{Cache-Control: no-cache, no-store, max-age=0, must-revalidate}{X-XSS-Protection: 1; mode=block}{Pragma: no-cache}{Date: Wed, 05 Dec 2018 10:19:13 GMT}{Connection: keep-alive}{X-Content-Type-Options: nosniff}{Transfer-Encoding: chunked}{Content-Type: application/json;charset=UTF-8}{X-Application-Context: ipop-registry:swagger,dev,native:8761}
2018-12-05 18:22:25,762 INFO  [AsyncResolver-bootstrap-executor-0] ConfigClusterResolver: Resolving eureka endpoints via configuration
2018-12-05 18:24:18,275 DEBUG [DiscoveryClient-InstanceInfoReplicator-0] HttpURLConnection: sun.net.www.MessageHeader@74eb901f6 pairs: {GET /config/admin/dev/master HTTP/1.1: null}{Accept: application/json, application/*+json}{Authorization: Basic YWRtaW46YWRtaW4=}{User-Agent: Java/1.8.0_161}{Host: 10.203.109.135:8761}{Connection: keep-alive}
2018-12-05 18:24:18,538 DEBUG [DiscoveryClient-InstanceInfoReplicator-0] HttpURLConnection: sun.net.www.MessageHeader@5e1a746911 pairs: {null: HTTP/1.1 200 OK}{Expires: 0}{Cache-Control: no-cache, no-store, max-age=0, must-revalidate}{X-XSS-Protection: 1; mode=block}{Pragma: no-cache}{Date: Wed, 05 Dec 2018 10:24:18 GMT}{Connection: keep-alive}{X-Content-Type-Options: nosniff}{Transfer-Encoding: chunked}{Content-Type: application/json;charset=UTF-8}{X-Application-Context: ipop-registry:swagger,dev,native:8761}
2018-12-05 18:27:25,770 INFO  [AsyncResolver-bootstrap-executor-0] ConfigClusterResolver: Resolving eureka endpoints via configuration
2018-12-05 18:29:22,818 DEBUG [DiscoveryClient-InstanceInfoReplicator-0] HttpURLConnection: sun.net.www.MessageHeader@170fefd66 pairs: {GET /config/admin/dev/master HTTP/1.1: null}{Accept: application/json, application/*+json}{Authorization: Basic YWRtaW46YWRtaW4=}{User-Agent: Java/1.8.0_161}{Host: 10.203.109.135:8761}{Connection: keep-alive}
2018-12-05 18:29:22,994 DEBUG [DiscoveryClient-InstanceInfoReplicator-0] HttpURLConnection: sun.net.www.MessageHeader@3cb8ea3311 pairs: {null: HTTP/1.1 200 OK}{Expires: 0}{Cache-Control: no-cache, no-store, max-age=0, must-revalidate}{X-XSS-Protection: 1; mode=block}{Pragma: no-cache}{Date: Wed, 05 Dec 2018 10:29:22 GMT}{Connection: keep-alive}{X-Content-Type-Options: nosniff}{Transfer-Encoding: chunked}{Content-Type: application/json;charset=UTF-8}{X-Application-Context: ipop-registry:swagger,dev,native:8761}
2018-12-05 18:32:25,768 INFO  [AsyncResolver-bootstrap-executor-0] ConfigClusterResolver: Resolving eureka endpoints via configuration
2018-12-05 18:34:27,269 DEBUG [DiscoveryClient-InstanceInfoReplicator-0] HttpURLConnection: sun.net.www.MessageHeader@147bfed36 pairs: {GET /config/admin/dev/master HTTP/1.1: null}{Accept: application/json, application/*+json}{Authorization: Basic YWRtaW46YWRtaW4=}{User-Agent: Java/1.8.0_161}{Host: 10.203.109.135:8761}{Connection: keep-alive}
2018-12-05 18:34:27,457 DEBUG [DiscoveryClient-InstanceInfoReplicator-0] HttpURLConnection: sun.net.www.MessageHeader@194f790911 pairs: {null: HTTP/1.1 200 OK}{Expires: 0}{Cache-Control: no-cache, no-store, max-age=0, must-revalidate}{X-XSS-Protection: 1; mode=block}{Pragma: no-cache}{Date: Wed, 05 Dec 2018 10:34:27 GMT}{Connection: keep-alive}{X-Content-Type-Options: nosniff}{Transfer-Encoding: chunked}{Content-Type: application/json;charset=UTF-8}{X-Application-Context: ipop-registry:swagger,dev,native:8761}
2018-12-05 18:37:25,776 INFO  [AsyncResolver-bootstrap-executor-0] ConfigClusterResolver: Resolving eureka endpoints via configuration
2018-12-05 18:39:31,681 DEBUG [DiscoveryClient-InstanceInfoReplicator-0] HttpURLConnection: sun.net.www.MessageHeader@71d644a96 pairs: {GET /config/admin/dev/master HTTP/1.1: null}{Accept: application/json, application/*+json}{Authorization: Basic YWRtaW46YWRtaW4=}{User-Agent: Java/1.8.0_161}{Host: 10.203.109.135:8761}{Connection: keep-alive}
2018-12-05 18:39:31,853 DEBUG [DiscoveryClient-InstanceInfoReplicator-0] HttpURLConnection: sun.net.www.MessageHeader@a44d1d211 pairs: {null: HTTP/1.1 200 OK}{Expires: 0}{Cache-Control: no-cache, no-store, max-age=0, must-revalidate}{X-XSS-Protection: 1; mode=block}{Pragma: no-cache}{Date: Wed, 05 Dec 2018 10:39:31 GMT}{Connection: keep-alive}{X-Content-Type-Options: nosniff}{Transfer-Encoding: chunked}{Content-Type: application/json;charset=UTF-8}{X-Application-Context: ipop-registry:swagger,dev,native:8761}
2018-12-05 18:42:25,787 INFO  [AsyncResolver-bootstrap-executor-0] ConfigClusterResolver: Resolving eureka endpoints via configuration
2018-12-05 18:44:36,062 DEBUG [DiscoveryClient-InstanceInfoReplicator-0] HttpURLConnection: sun.net.www.MessageHeader@41023b2f6 pairs: {GET /config/admin/dev/master HTTP/1.1: null}{Accept: application/json, application/*+json}{Authorization: Basic YWRtaW46YWRtaW4=}{User-Agent: Java/1.8.0_161}{Host: 10.203.109.135:8761}{Connection: keep-alive}
2018-12-05 18:44:36,249 DEBUG [DiscoveryClient-InstanceInfoReplicator-0] HttpURLConnection: sun.net.www.MessageHeader@2367953711 pairs: {null: HTTP/1.1 200 OK}{Expires: 0}{Cache-Control: no-cache, no-store, max-age=0, must-revalidate}{X-XSS-Protection: 1; mode=block}{Pragma: no-cache}{Date: Wed, 05 Dec 2018 10:44:36 GMT}{Connection: keep-alive}{X-Content-Type-Options: nosniff}{Transfer-Encoding: chunked}{Content-Type: application/json;charset=UTF-8}{X-Application-Context: ipop-registry:swagger,dev,native:8761}
2018-12-05 18:47:25,798 INFO  [AsyncResolver-bootstrap-executor-0] ConfigClusterResolver: Resolving eureka endpoints via configuration
2018-12-05 18:49:40,530 DEBUG [DiscoveryClient-InstanceInfoReplicator-0] HttpURLConnection: sun.net.www.MessageHeader@60576efe6 pairs: {GET /config/admin/dev/master HTTP/1.1: null}{Accept: application/json, application/*+json}{Authorization: Basic YWRtaW46YWRtaW4=}{User-Agent: Java/1.8.0_161}{Host: 10.203.109.135:8761}{Connection: keep-alive}
2018-12-05 18:49:40,702 DEBUG [DiscoveryClient-InstanceInfoReplicator-0] HttpURLConnection: sun.net.www.MessageHeader@4cb1f96711 pairs: {null: HTTP/1.1 200 OK}{Expires: 0}{Cache-Control: no-cache, no-store, max-age=0, must-revalidate}{X-XSS-Protection: 1; mode=block}{Pragma: no-cache}{Date: Wed, 05 Dec 2018 10:49:40 GMT}{Connection: keep-alive}{X-Content-Type-Options: nosniff}{Transfer-Encoding: chunked}{Content-Type: application/json;charset=UTF-8}{X-Application-Context: ipop-registry:swagger,dev,native:8761}
2018-12-05 18:52:25,797 INFO  [AsyncResolver-bootstrap-executor-0] ConfigClusterResolver: Resolving eureka endpoints via configuration
2018-12-05 18:54:45,075 DEBUG [DiscoveryClient-InstanceInfoReplicator-0] HttpURLConnection: sun.net.www.MessageHeader@1cba789d6 pairs: {GET /config/admin/dev/master HTTP/1.1: null}{Accept: application/json, application/*+json}{Authorization: Basic YWRtaW46YWRtaW4=}{User-Agent: Java/1.8.0_161}{Host: 10.203.109.135:8761}{Connection: keep-alive}
2018-12-05 18:54:45,268 DEBUG [DiscoveryClient-InstanceInfoReplicator-0] HttpURLConnection: sun.net.www.MessageHeader@36b981011 pairs: {null: HTTP/1.1 200 OK}{Expires: 0}{Cache-Control: no-cache, no-store, max-age=0, must-revalidate}{X-XSS-Protection: 1; mode=block}{Pragma: no-cache}{Date: Wed, 05 Dec 2018 10:54:45 GMT}{Connection: keep-alive}{X-Content-Type-Options: nosniff}{Transfer-Encoding: chunked}{Content-Type: application/json;charset=UTF-8}{X-Application-Context: ipop-registry:swagger,dev,native:8761}
2018-12-05 18:57:25,802 INFO  [AsyncResolver-bootstrap-executor-0] ConfigClusterResolver: Resolving eureka endpoints via configuration
2018-12-05 18:59:50,632 DEBUG [DiscoveryClient-InstanceInfoReplicator-0] HttpURLConnection: sun.net.www.MessageHeader@5810261d6 pairs: {GET /config/admin/dev/master HTTP/1.1: null}{Accept: application/json, application/*+json}{Authorization: Basic YWRtaW46YWRtaW4=}{User-Agent: Java/1.8.0_161}{Host: 10.203.109.135:8761}{Connection: keep-alive}
2018-12-05 18:59:50,804 DEBUG [DiscoveryClient-InstanceInfoReplicator-0] HttpURLConnection: sun.net.www.MessageHeader@1b2996b911 pairs: {null: HTTP/1.1 200 OK}{Expires: 0}{Cache-Control: no-cache, no-store, max-age=0, must-revalidate}{X-XSS-Protection: 1; mode=block}{Pragma: no-cache}{Date: Wed, 05 Dec 2018 10:59:50 GMT}{Connection: keep-alive}{X-Content-Type-Options: nosniff}{Transfer-Encoding: chunked}{Content-Type: application/json;charset=UTF-8}{X-Application-Context: ipop-registry:swagger,dev,native:8761}
2018-12-05 19:02:25,806 INFO  [AsyncResolver-bootstrap-executor-0] ConfigClusterResolver: Resolving eureka endpoints via configuration
2018-12-05 19:04:55,639 DEBUG [DiscoveryClient-InstanceInfoReplicator-0] HttpURLConnection: sun.net.www.MessageHeader@54987bd16 pairs: {GET /config/admin/dev/master HTTP/1.1: null}{Accept: application/json, application/*+json}{Authorization: Basic YWRtaW46YWRtaW4=}{User-Agent: Java/1.8.0_161}{Host: 10.203.109.135:8761}{Connection: keep-alive}
2018-12-05 19:04:55,807 DEBUG [DiscoveryClient-InstanceInfoReplicator-0] HttpURLConnection: sun.net.www.MessageHeader@b6cd24a11 pairs: {null: HTTP/1.1 200 OK}{Expires: 0}{Cache-Control: no-cache, no-store, max-age=0, must-revalidate}{X-XSS-Protection: 1; mode=block}{Pragma: no-cache}{Date: Wed, 05 Dec 2018 11:04:55 GMT}{Connection: keep-alive}{X-Content-Type-Options: nosniff}{Transfer-Encoding: chunked}{Content-Type: application/json;charset=UTF-8}{X-Application-Context: ipop-registry:swagger,dev,native:8761}
2018-12-05 19:07:25,811 INFO  [AsyncResolver-bootstrap-executor-0] ConfigClusterResolver: Resolving eureka endpoints via configuration
2018-12-05 19:10:00,084 DEBUG [DiscoveryClient-InstanceInfoReplicator-0] HttpURLConnection: sun.net.www.MessageHeader@52952df46 pairs: {GET /config/admin/dev/master HTTP/1.1: null}{Accept: application/json, application/*+json}{Authorization: Basic YWRtaW46YWRtaW4=}{User-Agent: Java/1.8.0_161}{Host: 10.203.109.135:8761}{Connection: keep-alive}
2018-12-05 19:10:00,256 DEBUG [DiscoveryClient-InstanceInfoReplicator-0] HttpURLConnection: sun.net.www.MessageHeader@55ee54111 pairs: {null: HTTP/1.1 200 OK}{Expires: 0}{Cache-Control: no-cache, no-store, max-age=0, must-revalidate}{X-XSS-Protection: 1; mode=block}{Pragma: no-cache}{Date: Wed, 05 Dec 2018 11:10:00 GMT}{Connection: keep-alive}{X-Content-Type-Options: nosniff}{Transfer-Encoding: chunked}{Content-Type: application/json;charset=UTF-8}{X-Application-Context: ipop-registry:swagger,dev,native:8761}
2018-12-05 19:12:25,818 INFO  [AsyncResolver-bootstrap-executor-0] ConfigClusterResolver: Resolving eureka endpoints via configuration
2018-12-05 19:15:05,023 DEBUG [DiscoveryClient-InstanceInfoReplicator-0] HttpURLConnection: sun.net.www.MessageHeader@120f50c86 pairs: {GET /config/admin/dev/master HTTP/1.1: null}{Accept: application/json, application/*+json}{Authorization: Basic YWRtaW46YWRtaW4=}{User-Agent: Java/1.8.0_161}{Host: 10.203.109.135:8761}{Connection: keep-alive}
2018-12-05 19:15:05,207 DEBUG [DiscoveryClient-InstanceInfoReplicator-0] HttpURLConnection: sun.net.www.MessageHeader@7f1c2e4111 pairs: {null: HTTP/1.1 200 OK}{Expires: 0}{Cache-Control: no-cache, no-store, max-age=0, must-revalidate}{X-XSS-Protection: 1; mode=block}{Pragma: no-cache}{Date: Wed, 05 Dec 2018 11:15:05 GMT}{Connection: keep-alive}{X-Content-Type-Options: nosniff}{Transfer-Encoding: chunked}{Content-Type: application/json;charset=UTF-8}{X-Application-Context: ipop-registry:swagger,dev,native:8761}
2018-12-05 19:17:25,822 INFO  [AsyncResolver-bootstrap-executor-0] ConfigClusterResolver: Resolving eureka endpoints via configuration
2018-12-05 19:20:09,534 DEBUG [DiscoveryClient-InstanceInfoReplicator-0] HttpURLConnection: sun.net.www.MessageHeader@41d46db6 pairs: {GET /config/admin/dev/master HTTP/1.1: null}{Accept: application/json, application/*+json}{Authorization: Basic YWRtaW46YWRtaW4=}{User-Agent: Java/1.8.0_161}{Host: 10.203.109.135:8761}{Connection: keep-alive}
2018-12-05 19:20:09,722 DEBUG [DiscoveryClient-InstanceInfoReplicator-0] HttpURLConnection: sun.net.www.MessageHeader@769bdff411 pairs: {null: HTTP/1.1 200 OK}{Expires: 0}{Cache-Control: no-cache, no-store, max-age=0, must-revalidate}{X-XSS-Protection: 1; mode=block}{Pragma: no-cache}{Date: Wed, 05 Dec 2018 11:20:09 GMT}{Connection: keep-alive}{X-Content-Type-Options: nosniff}{Transfer-Encoding: chunked}{Content-Type: application/json;charset=UTF-8}{X-Application-Context: ipop-registry:swagger,dev,native:8761}
2018-12-05 19:22:25,834 INFO  [AsyncResolver-bootstrap-executor-0] ConfigClusterResolver: Resolving eureka endpoints via configuration
2018-12-05 19:25:14,469 DEBUG [DiscoveryClient-InstanceInfoReplicator-0] HttpURLConnection: sun.net.www.MessageHeader@1e7a58ff6 pairs: {GET /config/admin/dev/master HTTP/1.1: null}{Accept: application/json, application/*+json}{Authorization: Basic YWRtaW46YWRtaW4=}{User-Agent: Java/1.8.0_161}{Host: 10.203.109.135:8761}{Connection: keep-alive}
2018-12-05 19:25:14,672 DEBUG [DiscoveryClient-InstanceInfoReplicator-0] HttpURLConnection: sun.net.www.MessageHeader@a035711 pairs: {null: HTTP/1.1 200 OK}{Expires: 0}{Cache-Control: no-cache, no-store, max-age=0, must-revalidate}{X-XSS-Protection: 1; mode=block}{Pragma: no-cache}{Date: Wed, 05 Dec 2018 11:25:14 GMT}{Connection: keep-alive}{X-Content-Type-Options: nosniff}{Transfer-Encoding: chunked}{Content-Type: application/json;charset=UTF-8}{X-Application-Context: ipop-registry:swagger,dev,native:8761}
2018-12-05 19:27:25,835 INFO  [AsyncResolver-bootstrap-executor-0] ConfigClusterResolver: Resolving eureka endpoints via configuration
2018-12-05 19:30:19,389 DEBUG [DiscoveryClient-InstanceInfoReplicator-0] HttpURLConnection: sun.net.www.MessageHeader@6ecfa6136 pairs: {GET /config/admin/dev/master HTTP/1.1: null}{Accept: application/json, application/*+json}{Authorization: Basic YWRtaW46YWRtaW4=}{User-Agent: Java/1.8.0_161}{Host: 10.203.109.135:8761}{Connection: keep-alive}
2018-12-05 19:30:19,577 DEBUG [DiscoveryClient-InstanceInfoReplicator-0] HttpURLConnection: sun.net.www.MessageHeader@4683b04111 pairs: {null: HTTP/1.1 200 OK}{Expires: 0}{Cache-Control: no-cache, no-store, max-age=0, must-revalidate}{X-XSS-Protection: 1; mode=block}{Pragma: no-cache}{Date: Wed, 05 Dec 2018 11:30:19 GMT}{Connection: keep-alive}{X-Content-Type-Options: nosniff}{Transfer-Encoding: chunked}{Content-Type: application/json;charset=UTF-8}{X-Application-Context: ipop-registry:swagger,dev,native:8761}
2018-12-05 19:32:25,841 INFO  [AsyncResolver-bootstrap-executor-0] ConfigClusterResolver: Resolving eureka endpoints via configuration
2018-12-05 19:35:24,044 DEBUG [DiscoveryClient-InstanceInfoReplicator-0] HttpURLConnection: sun.net.www.MessageHeader@a72a5ce6 pairs: {GET /config/admin/dev/master HTTP/1.1: null}{Accept: application/json, application/*+json}{Authorization: Basic YWRtaW46YWRtaW4=}{User-Agent: Java/1.8.0_161}{Host: 10.203.109.135:8761}{Connection: keep-alive}
2018-12-05 19:35:24,245 DEBUG [DiscoveryClient-InstanceInfoReplicator-0] HttpURLConnection: sun.net.www.MessageHeader@5ab20f6c11 pairs: {null: HTTP/1.1 200 OK}{Expires: 0}{Cache-Control: no-cache, no-store, max-age=0, must-revalidate}{X-XSS-Protection: 1; mode=block}{Pragma: no-cache}{Date: Wed, 05 Dec 2018 11:35:24 GMT}{Connection: keep-alive}{X-Content-Type-Options: nosniff}{Transfer-Encoding: chunked}{Content-Type: application/json;charset=UTF-8}{X-Application-Context: ipop-registry:swagger,dev,native:8761}
2018-12-05 19:37:25,846 INFO  [AsyncResolver-bootstrap-executor-0] ConfigClusterResolver: Resolving eureka endpoints via configuration
2018-12-05 19:40:28,855 DEBUG [DiscoveryClient-InstanceInfoReplicator-0] HttpURLConnection: sun.net.www.MessageHeader@495ed5176 pairs: {GET /config/admin/dev/master HTTP/1.1: null}{Accept: application/json, application/*+json}{Authorization: Basic YWRtaW46YWRtaW4=}{User-Agent: Java/1.8.0_161}{Host: 10.203.109.135:8761}{Connection: keep-alive}
2018-12-05 19:40:29,041 DEBUG [DiscoveryClient-InstanceInfoReplicator-0] HttpURLConnection: sun.net.www.MessageHeader@120475c511 pairs: {null: HTTP/1.1 200 OK}{Expires: 0}{Cache-Control: no-cache, no-store, max-age=0, must-revalidate}{X-XSS-Protection: 1; mode=block}{Pragma: no-cache}{Date: Wed, 05 Dec 2018 11:40:29 GMT}{Connection: keep-alive}{X-Content-Type-Options: nosniff}{Transfer-Encoding: chunked}{Content-Type: application/json;charset=UTF-8}{X-Application-Context: ipop-registry:swagger,dev,native:8761}
2018-12-05 19:42:25,857 INFO  [AsyncResolver-bootstrap-executor-0] ConfigClusterResolver: Resolving eureka endpoints via configuration
2018-12-05 19:45:33,320 DEBUG [DiscoveryClient-InstanceInfoReplicator-0] HttpURLConnection: sun.net.www.MessageHeader@dc7ee9e6 pairs: {GET /config/admin/dev/master HTTP/1.1: null}{Accept: application/json, application/*+json}{Authorization: Basic YWRtaW46YWRtaW4=}{User-Agent: Java/1.8.0_161}{Host: 10.203.109.135:8761}{Connection: keep-alive}
2018-12-05 19:45:33,508 DEBUG [DiscoveryClient-InstanceInfoReplicator-0] HttpURLConnection: sun.net.www.MessageHeader@4744492511 pairs: {null: HTTP/1.1 200 OK}{Expires: 0}{Cache-Control: no-cache, no-store, max-age=0, must-revalidate}{X-XSS-Protection: 1; mode=block}{Pragma: no-cache}{Date: Wed, 05 Dec 2018 11:45:33 GMT}{Connection: keep-alive}{X-Content-Type-Options: nosniff}{Transfer-Encoding: chunked}{Content-Type: application/json;charset=UTF-8}{X-Application-Context: ipop-registry:swagger,dev,native:8761}
2018-12-05 19:47:25,869 INFO  [AsyncResolver-bootstrap-executor-0] ConfigClusterResolver: Resolving eureka endpoints via configuration
2018-12-05 19:50:37,804 DEBUG [DiscoveryClient-InstanceInfoReplicator-0] HttpURLConnection: sun.net.www.MessageHeader@788ddab76 pairs: {GET /config/admin/dev/master HTTP/1.1: null}{Accept: application/json, application/*+json}{Authorization: Basic YWRtaW46YWRtaW4=}{User-Agent: Java/1.8.0_161}{Host: 10.203.109.135:8761}{Connection: keep-alive}
2018-12-05 19:50:37,979 DEBUG [DiscoveryClient-InstanceInfoReplicator-0] HttpURLConnection: sun.net.www.MessageHeader@4996223e11 pairs: {null: HTTP/1.1 200 OK}{Expires: 0}{Cache-Control: no-cache, no-store, max-age=0, must-revalidate}{X-XSS-Protection: 1; mode=block}{Pragma: no-cache}{Date: Wed, 05 Dec 2018 11:50:37 GMT}{Connection: keep-alive}{X-Content-Type-Options: nosniff}{Transfer-Encoding: chunked}{Content-Type: application/json;charset=UTF-8}{X-Application-Context: ipop-registry:swagger,dev,native:8761}
2018-12-05 19:52:25,879 INFO  [AsyncResolver-bootstrap-executor-0] ConfigClusterResolver: Resolving eureka endpoints via configuration
2018-12-05 19:55:42,538 DEBUG [DiscoveryClient-InstanceInfoReplicator-0] HttpURLConnection: sun.net.www.MessageHeader@7b17968c6 pairs: {GET /config/admin/dev/master HTTP/1.1: null}{Accept: application/json, application/*+json}{Authorization: Basic YWRtaW46YWRtaW4=}{User-Agent: Java/1.8.0_161}{Host: 10.203.109.135:8761}{Connection: keep-alive}
2018-12-05 19:55:42,804 DEBUG [DiscoveryClient-InstanceInfoReplicator-0] HttpURLConnection: sun.net.www.MessageHeader@1e7fe5aa11 pairs: {null: HTTP/1.1 200 OK}{Expires: 0}{Cache-Control: no-cache, no-store, max-age=0, must-revalidate}{X-XSS-Protection: 1; mode=block}{Pragma: no-cache}{Date: Wed, 05 Dec 2018 11:55:42 GMT}{Connection: keep-alive}{X-Content-Type-Options: nosniff}{Transfer-Encoding: chunked}{Content-Type: application/json;charset=UTF-8}{X-Application-Context: ipop-registry:swagger,dev,native:8761}
2018-12-05 19:57:25,888 INFO  [AsyncResolver-bootstrap-executor-0] ConfigClusterResolver: Resolving eureka endpoints via configuration
2018-12-05 20:00:48,032 DEBUG [DiscoveryClient-InstanceInfoReplicator-0] HttpURLConnection: sun.net.www.MessageHeader@831ccb06 pairs: {GET /config/admin/dev/master HTTP/1.1: null}{Accept: application/json, application/*+json}{Authorization: Basic YWRtaW46YWRtaW4=}{User-Agent: Java/1.8.0_161}{Host: 10.203.109.135:8761}{Connection: keep-alive}
2018-12-05 20:00:48,210 DEBUG [DiscoveryClient-InstanceInfoReplicator-0] HttpURLConnection: sun.net.www.MessageHeader@70ce885a11 pairs: {null: HTTP/1.1 200 OK}{Expires: 0}{Cache-Control: no-cache, no-store, max-age=0, must-revalidate}{X-XSS-Protection: 1; mode=block}{Pragma: no-cache}{Date: Wed, 05 Dec 2018 12:00:48 GMT}{Connection: keep-alive}{X-Content-Type-Options: nosniff}{Transfer-Encoding: chunked}{Content-Type: application/json;charset=UTF-8}{X-Application-Context: ipop-registry:swagger,dev,native:8761}
2018-12-05 20:02:25,901 INFO  [AsyncResolver-bootstrap-executor-0] ConfigClusterResolver: Resolving eureka endpoints via configuration
2018-12-05 20:05:53,100 DEBUG [DiscoveryClient-InstanceInfoReplicator-0] HttpURLConnection: sun.net.www.MessageHeader@372ac3396 pairs: {GET /config/admin/dev/master HTTP/1.1: null}{Accept: application/json, application/*+json}{Authorization: Basic YWRtaW46YWRtaW4=}{User-Agent: Java/1.8.0_161}{Host: 10.203.109.135:8761}{Connection: keep-alive}
2018-12-05 20:05:53,284 DEBUG [DiscoveryClient-InstanceInfoReplicator-0] HttpURLConnection: sun.net.www.MessageHeader@561932c311 pairs: {null: HTTP/1.1 200 OK}{Expires: 0}{Cache-Control: no-cache, no-store, max-age=0, must-revalidate}{X-XSS-Protection: 1; mode=block}{Pragma: no-cache}{Date: Wed, 05 Dec 2018 12:05:53 GMT}{Connection: keep-alive}{X-Content-Type-Options: nosniff}{Transfer-Encoding: chunked}{Content-Type: application/json;charset=UTF-8}{X-Application-Context: ipop-registry:swagger,dev,native:8761}
2018-12-05 20:07:25,916 INFO  [AsyncResolver-bootstrap-executor-0] ConfigClusterResolver: Resolving eureka endpoints via configuration
2018-12-05 20:10:57,552 DEBUG [DiscoveryClient-InstanceInfoReplicator-0] HttpURLConnection: sun.net.www.MessageHeader@504b30fc6 pairs: {GET /config/admin/dev/master HTTP/1.1: null}{Accept: application/json, application/*+json}{Authorization: Basic YWRtaW46YWRtaW4=}{User-Agent: Java/1.8.0_161}{Host: 10.203.109.135:8761}{Connection: keep-alive}
2018-12-05 20:10:57,727 DEBUG [DiscoveryClient-InstanceInfoReplicator-0] HttpURLConnection: sun.net.www.MessageHeader@5443fef711 pairs: {null: HTTP/1.1 200 OK}{Expires: 0}{Cache-Control: no-cache, no-store, max-age=0, must-revalidate}{X-XSS-Protection: 1; mode=block}{Pragma: no-cache}{Date: Wed, 05 Dec 2018 12:10:57 GMT}{Connection: keep-alive}{X-Content-Type-Options: nosniff}{Transfer-Encoding: chunked}{Content-Type: application/json;charset=UTF-8}{X-Application-Context: ipop-registry:swagger,dev,native:8761}
2018-12-05 20:11:53,805 WARN  [Thread-2] DiscoveryClient: Saw local status change event StatusChangeEvent [timestamp=1544011913805, current=DOWN, previous=UP]
2018-12-05 20:11:53,805 INFO  [Thread-2] DiscoveryClient: Shutting down DiscoveryClient ...
2018-12-05 20:11:53,805 INFO  [Thread-2] DiscoveryClient: Unregistering ...
2018-12-05 20:11:53,852 INFO  [Thread-2] DiscoveryClient: DiscoveryClient_IPOP/ipop:712b704b6c2c8d5e703f287fd0e92cf4 - deregister  status: 200
2018-12-05 20:11:53,852 INFO  [Thread-2] DiscoveryClient: Completed shut down of DiscoveryClient
2018-12-05 20:11:55,786 INFO  [restartedMain] AdminApp: The following profiles are active: swagger,no-liquibase,prod
2018-12-05 20:12:08,082 INFO  [restartedMain] WebConfigurer: Web application configuration, using profiles: swagger
2018-12-05 20:12:08,082 INFO  [restartedMain] WebConfigurer: Web application fully configured
2018-12-05 20:12:14,099 INFO  [restartedMain] NativeHttpClient: Created instance with connectionTimeout 5,000, readTimeout 30,000, maxRetryTimes 3, SSL Version TLS
2018-12-05 20:12:14,115 INFO  [restartedMain] NativeHttpClient: Created instance with connectionTimeout 5,000, readTimeout 30,000, maxRetryTimes 3, SSL Version TLS
2018-12-05 20:12:14,115 INFO  [restartedMain] NativeHttpClient: Created instance with connectionTimeout 5,000, readTimeout 30,000, maxRetryTimes 3, SSL Version TLS
2018-12-05 20:12:14,115 INFO  [restartedMain] NativeHttpClient: Created instance with connectionTimeout 5,000, readTimeout 30,000, maxRetryTimes 3, SSL Version TLS
2018-12-05 20:12:20,458 INFO  [restartedMain] Reflections: Reflections took 500 ms to scan 2 urls, producing 227 keys and 1542 values 
2018-12-05 20:14:48,011 INFO  [restartedMain] AdminApp: The following profiles are active: swagger,no-liquibase,prod
2018-12-05 20:14:50,733 INFO  [restartedMain] WebConfigurer: Web application configuration, using profiles: swagger
2018-12-05 20:14:50,733 INFO  [restartedMain] WebConfigurer: Web application fully configured
2018-12-05 20:14:54,893 WARN  [restartedMain] AnnotationConfigEmbeddedWebApplicationContext: Exception encountered during context initialization - cancelling refresh attempt: org.springframework.beans.factory.BeanCreationException: Error creating bean with name 'entityManagerFactory' defined in class path resource [org/springframework/boot/autoconfigure/orm/jpa/HibernateJpaAutoConfiguration.class]: Invocation of init method failed; nested exception is org.hibernate.AnnotationException: @OneToOne or @ManyToOne on com.sgm.ipop.admin.domain.Equipment.station references an unknown entity: com.sgm.ipop.common.domain.Station
2018-12-05 20:14:55,204 ERROR [restartedMain] SpringApplication: Application startup failed
org.springframework.beans.factory.BeanCreationException: Error creating bean with name 'entityManagerFactory' defined in class path resource [org/springframework/boot/autoconfigure/orm/jpa/HibernateJpaAutoConfiguration.class]: Invocation of init method failed; nested exception is org.hibernate.AnnotationException: @OneToOne or @ManyToOne on com.sgm.ipop.admin.domain.Equipment.station references an unknown entity: com.sgm.ipop.common.domain.Station
	at org.springframework.beans.factory.support.AbstractAutowireCapableBeanFactory.initializeBean(AbstractAutowireCapableBeanFactory.java:1628)
	at org.springframework.beans.factory.support.AbstractAutowireCapableBeanFactory.doCreateBean(AbstractAutowireCapableBeanFactory.java:555)
	at org.springframework.beans.factory.support.AbstractAutowireCapableBeanFactory.createBean(AbstractAutowireCapableBeanFactory.java:483)
	at org.springframework.beans.factory.support.AbstractBeanFactory$1.getObject(AbstractBeanFactory.java:306)
	at org.springframework.beans.factory.support.DefaultSingletonBeanRegistry.getSingleton(DefaultSingletonBeanRegistry.java:230)
	at org.springframework.beans.factory.support.AbstractBeanFactory.doGetBean(AbstractBeanFactory.java:302)
	at org.springframework.beans.factory.support.AbstractBeanFactory.getBean(AbstractBeanFactory.java:197)
	at org.springframework.context.support.AbstractApplicationContext.getBean(AbstractApplicationContext.java:1080)
	at org.springframework.context.support.AbstractApplicationContext.finishBeanFactoryInitialization(AbstractApplicationContext.java:857)
	at org.springframework.context.support.AbstractApplicationContext.refresh(AbstractApplicationContext.java:543)
	at org.springframework.boot.context.embedded.EmbeddedWebApplicationContext.refresh(EmbeddedWebApplicationContext.java:122)
	at org.springframework.boot.SpringApplication.refresh(SpringApplication.java:693)
	at org.springframework.boot.SpringApplication.refreshContext(SpringApplication.java:360)
	at org.springframework.boot.SpringApplication.run(SpringApplication.java:303)
	at com.sgm.ipop.admin.AdminApp.main(AdminApp.java:74)
	at sun.reflect.NativeMethodAccessorImpl.invoke0(Native Method)
	at sun.reflect.NativeMethodAccessorImpl.invoke(NativeMethodAccessorImpl.java:62)
	at sun.reflect.DelegatingMethodAccessorImpl.invoke(DelegatingMethodAccessorImpl.java:43)
	at java.lang.reflect.Method.invoke(Method.java:498)
	at org.springframework.boot.devtools.restart.RestartLauncher.run(RestartLauncher.java:49)
Caused by: org.hibernate.AnnotationException: @OneToOne or @ManyToOne on com.sgm.ipop.admin.domain.Equipment.station references an unknown entity: com.sgm.ipop.common.domain.Station
	at org.hibernate.cfg.ToOneFkSecondPass.doSecondPass(ToOneFkSecondPass.java:97)
	at org.hibernate.boot.internal.InFlightMetadataCollectorImpl.processEndOfQueue(InFlightMetadataCollectorImpl.java:1752)
	at org.hibernate.boot.internal.InFlightMetadataCollectorImpl.processFkSecondPassesInOrder(InFlightMetadataCollectorImpl.java:1696)
	at org.hibernate.boot.internal.InFlightMetadataCollectorImpl.processSecondPasses(InFlightMetadataCollectorImpl.java:1583)
	at org.hibernate.boot.model.process.spi.MetadataBuildingProcess.complete(MetadataBuildingProcess.java:278)
	at org.hibernate.jpa.boot.internal.EntityManagerFactoryBuilderImpl.metadata(EntityManagerFactoryBuilderImpl.java:858)
	at org.hibernate.jpa.boot.internal.EntityManagerFactoryBuilderImpl.build(EntityManagerFactoryBuilderImpl.java:885)
	at org.springframework.orm.jpa.vendor.SpringHibernateJpaPersistenceProvider.createContainerEntityManagerFactory(SpringHibernateJpaPersistenceProvider.java:60)
	at org.springframework.orm.jpa.LocalContainerEntityManagerFactoryBean.createNativeEntityManagerFactory(LocalContainerEntityManagerFactoryBean.java:360)
	at org.springframework.orm.jpa.AbstractEntityManagerFactoryBean.buildNativeEntityManagerFactory(AbstractEntityManagerFactoryBean.java:382)
	at org.springframework.orm.jpa.AbstractEntityManagerFactoryBean.afterPropertiesSet(AbstractEntityManagerFactoryBean.java:371)
	at org.springframework.orm.jpa.LocalContainerEntityManagerFactoryBean.afterPropertiesSet(LocalContainerEntityManagerFactoryBean.java:336)
	at org.springframework.beans.factory.support.AbstractAutowireCapableBeanFactory.invokeInitMethods(AbstractAutowireCapableBeanFactory.java:1687)
	at org.springframework.beans.factory.support.AbstractAutowireCapableBeanFactory.initializeBean(AbstractAutowireCapableBeanFactory.java:1624)
	... 19 common frames omitted
